#
# There is insufficient memory for the Java Runtime Environment to continue.
# Native memory allocation (mmap) failed to map 1073741824 bytes for G1 virtual space
# Possible reasons:
#   The system is out of physical RAM or swap space
#   The process is running with CompressedOops enabled, and the Java Heap may be blocking the growth of the native heap
# Possible solutions:
#   Reduce memory load on the system
#   Increase physical memory or swap space
#   Check if swap backing store is full
#   Decrease Java heap size (-Xmx/-Xms)
#   Decrease number of Java threads
#   Decrease Java thread stack sizes (-Xss)
#   Set larger code cache with -XX:ReservedCodeCacheSize=
#   JVM is running with Unscaled Compressed Oops mode in which the Java heap is
#     placed in the first 4GB address space. The Java Heap base address is the
#     maximum limit for the native heap growth. Please use -XX:HeapBaseMinAddress
#     to set the Java Heap base and to place the Java Heap above 4GB virtual address.
# This output file may be truncated or incomplete.
#
#  Out of Memory Error (os_windows.cpp:3469), pid=2092, tid=15488
#
# JRE version:  (17.0.1+12) (build )
# Java VM: Java HotSpot(TM) 64-Bit Server VM (17.0.1+12-LTS-39, mixed mode, sharing, tiered, compressed oops, compressed class ptrs, g1 gc, windows-amd64)
# No core dump will be written. Minidumps are not enabled by default on client versions of Windows
#

---------------  S U M M A R Y ------------

Command Line: -Xms1G -Xmx1G Tatu Clicker.jar

Host: AMD Ryzen 7 2700 Eight-Core Processor          , 16 cores, 15G,  Windows 10 , 64 bit Build 22000 (10.0.22000.120)
Time: Wed Jan 19 15:43:00 2022 Hora oficial do Brasil elapsed time: 0.030425 seconds (0d 0h 0m 0s)

---------------  T H R E A D  ---------------

Current thread (0x0000017b263ac4e0):  JavaThread "Unknown thread" [_thread_in_vm, id=15488, stack(0x00000051b5000000,0x00000051b5100000)]

Stack: [0x00000051b5000000,0x00000051b5100000]
Native frames: (J=compiled Java code, j=interpreted, Vv=VM code, C=native code)
V  [jvm.dll+0x66fa1a]
V  [jvm.dll+0x7ce5a4]
V  [jvm.dll+0x7cfd4e]
V  [jvm.dll+0x7d03b3]
V  [jvm.dll+0x242b05]
V  [jvm.dll+0x66ca39]
V  [jvm.dll+0x661502]
V  [jvm.dll+0x30081b]
V  [jvm.dll+0x307da6]
V  [jvm.dll+0x357a1e]
V  [jvm.dll+0x357c4f]
V  [jvm.dll+0x2d7ad8]
V  [jvm.dll+0x2d8a44]
V  [jvm.dll+0x7a01e1]
V  [jvm.dll+0x365791]
V  [jvm.dll+0x77f6cc]
V  [jvm.dll+0x3e812f]
V  [jvm.dll+0x3e9bd1]
C  [jli.dll+0x527b]
C  [ucrtbase.dll+0x26c0c]
C  [KERNEL32.DLL+0x154e0]
C  [ntdll.dll+0x485b]


---------------  P R O C E S S  ---------------

Threads class SMR info:
_java_thread_list=0x00007fff3fb67818, length=0, elements={
}

Java Threads: ( => current thread )

Other Threads:
  0x0000017b263dd980 GCTaskThread "GC Thread#0" [stack: 0x00000051b5100000,0x00000051b5200000] [id=17344]
  0x0000017b263e66d0 ConcurrentGCThread "G1 Main Marker" [stack: 0x00000051b5200000,0x00000051b5300000] [id=5752]
  0x0000017b263e7690 ConcurrentGCThread "G1 Conc#0" [stack: 0x00000051b5300000,0x00000051b5400000] [id=22384]

[error occurred during error reporting (printing all threads), id 0xc0000005, EXCEPTION_ACCESS_VIOLATION (0xc0000005) at pc=0x00007fff3f3b84b7]

VM state: not at safepoint (not fully initialized)

VM Mutex/Monitor currently owned by a thread:  ([mutex/lock_event])
[0x0000017b263a9320] Heap_lock - owner thread: 0x0000017b263ac4e0

Heap address: 0x00000000c0000000, size: 1024 MB, Compressed Oops mode: 32-bit

CDS archive(s) mapped at: [0x0000000000000000-0x0000000000000000-0x0000000000000000), size 0, SharedBaseAddress: 0x0000000800000000, ArchiveRelocationMode: 0.
Narrow klass base: 0x0000000000000000, Narrow klass shift: 0, Narrow klass range: 0x0

GC Precious Log:
<Empty>

Heap:
 garbage-first heap   total 0K, used 0K [0x00000000c0000000, 0x0000000100000000)
  region size 1024K, 0 young (0K), 0 survivors (0K)

[error occurred during error reporting (printing heap information), id 0xc0000005, EXCEPTION_ACCESS_VIOLATION (0xc0000005) at pc=0x00007fff3f798d89]

GC Heap History (0 events):
No events

Deoptimization events (0 events):
No events

Classes unloaded (0 events):
No events

Classes redefined (0 events):
No events

Internal exceptions (0 events):
No events

VM Operations (0 events):
No events

Events (1 events):
Event: 0.006 Loaded shared library C:\Program Files\Java\jdk-17.0.1\bin\java.dll


Dynamic libraries:
0x00007ff6b6b20000 - 0x00007ff6b6b30000 	C:\Program Files\Java\jdk-17.0.1\bin\java.exe
0x00007fff7dde0000 - 0x00007fff7dfe7000 	C:\Windows\SYSTEM32\ntdll.dll
0x00007fff7c230000 - 0x00007fff7c2ed000 	C:\Windows\System32\KERNEL32.DLL
0x00007fff7b550000 - 0x00007fff7b8c4000 	C:\Windows\System32\KERNELBASE.dll
0x00007fff7b430000 - 0x00007fff7b541000 	C:\Windows\System32\ucrtbase.dll
0x00007fff76d40000 - 0x00007fff76d58000 	C:\Program Files\Java\jdk-17.0.1\bin\jli.dll
0x00007fff75cb0000 - 0x00007fff75cca000 	C:\Program Files\Java\jdk-17.0.1\bin\VCRUNTIME140.dll
0x00007fff7da40000 - 0x00007fff7daec000 	C:\Windows\System32\ADVAPI32.dll
0x00007fff7dbd0000 - 0x00007fff7dc73000 	C:\Windows\System32\msvcrt.dll
0x00007fff7c880000 - 0x00007fff7c91d000 	C:\Windows\System32\sechost.dll
0x00007fff7d070000 - 0x00007fff7d191000 	C:\Windows\System32\RPCRT4.dll
0x00007fff7c000000 - 0x00007fff7c1ac000 	C:\Windows\System32\USER32.dll
0x00007fff60390000 - 0x00007fff60635000 	C:\Windows\WinSxS\amd64_microsoft.windows.common-controls_6595b64144ccf1df_6.0.22000.120_none_9d947278b86cc467\COMCTL32.dll
0x00007fff7bba0000 - 0x00007fff7bbc6000 	C:\Windows\System32\win32u.dll
0x00007fff7bc90000 - 0x00007fff7bcb9000 	C:\Windows\System32\GDI32.dll
0x00007fff7ba00000 - 0x00007fff7bb12000 	C:\Windows\System32\gdi32full.dll
0x00007fff7bbd0000 - 0x00007fff7bc6d000 	C:\Windows\System32\msvcp_win.dll
0x00007fff76bb0000 - 0x00007fff76bba000 	C:\Windows\SYSTEM32\VERSION.dll
0x00007fff7caf0000 - 0x00007fff7cb21000 	C:\Windows\System32\IMM32.DLL
0x00007fff76d30000 - 0x00007fff76d3c000 	C:\Program Files\Java\jdk-17.0.1\bin\vcruntime140_1.dll
0x00007fff73360000 - 0x00007fff733ed000 	C:\Program Files\Java\jdk-17.0.1\bin\msvcp140.dll
0x00007fff3f0d0000 - 0x00007fff3fc8e000 	C:\Program Files\Java\jdk-17.0.1\bin\server\jvm.dll
0x00007fff7bc80000 - 0x00007fff7bc88000 	C:\Windows\System32\PSAPI.DLL
0x00007fff73aa0000 - 0x00007fff73aa9000 	C:\Windows\SYSTEM32\WSOCK32.dll
0x00007fff6ca50000 - 0x00007fff6ca83000 	C:\Windows\SYSTEM32\WINMM.dll
0x00007fff7c810000 - 0x00007fff7c87f000 	C:\Windows\System32\WS2_32.dll
0x00007fff7a470000 - 0x00007fff7a488000 	C:\Windows\SYSTEM32\kernel.appcore.dll
0x00007fff76860000 - 0x00007fff7686a000 	C:\Program Files\Java\jdk-17.0.1\bin\jimage.dll
0x00007fff70150000 - 0x00007fff70371000 	C:\Windows\SYSTEM32\DBGHELP.DLL
0x00007fff6dcb0000 - 0x00007fff6dce1000 	C:\Windows\SYSTEM32\dbgcore.DLL
0x00007fff7bb20000 - 0x00007fff7bba0000 	C:\Windows\System32\bcryptPrimitives.dll
0x00007fff75c80000 - 0x00007fff75ca5000 	C:\Program Files\Java\jdk-17.0.1\bin\java.dll

dbghelp: loaded successfully - version: 4.0.5 - missing functions: none
symbol engine: initialized successfully - sym options: 0x614 - pdb path: .;C:\Program Files\Java\jdk-17.0.1\bin;C:\Windows\SYSTEM32;C:\Windows\WinSxS\amd64_microsoft.windows.common-controls_6595b64144ccf1df_6.0.22000.120_none_9d947278b86cc467;C:\Program Files\Java\jdk-17.0.1\bin\server

VM Arguments:
jvm_args: -Xms1G -Xmx1G 
java_command: Tatu Clicker.jar
java_class_path (initial): Tatu Clicker.jar
Launcher Type: SUN_STANDARD

[Global flags]
     intx CICompilerCount                          = 12                                        {product} {ergonomic}
     uint ConcGCThreads                            = 3                                         {product} {ergonomic}
     uint G1ConcRefinementThreads                  = 13                                        {product} {ergonomic}
   size_t G1HeapRegionSize                         = 1048576                                   {product} {ergonomic}
    uintx GCDrainStackTargetSize                   = 64                                        {product} {ergonomic}
   size_t InitialHeapSize                          = 1073741824                                {product} {command line}
   size_t MarkStackSize                            = 4194304                                   {product} {ergonomic}
   size_t MaxHeapSize                              = 1073741824                                {product} {command line}
   size_t MinHeapDeltaBytes                        = 1048576                                   {product} {ergonomic}
   size_t MinHeapSize                              = 1073741824                                {product} {command line}
    uintx NonNMethodCodeHeapSize                   = 7602480                                {pd product} {ergonomic}
    uintx NonProfiledCodeHeapSize                  = 122027880                              {pd product} {ergonomic}
    uintx ProfiledCodeHeapSize                     = 122027880                              {pd product} {ergonomic}
    uintx ReservedCodeCacheSize                    = 251658240                              {pd product} {ergonomic}
     bool SegmentedCodeCache                       = true                                      {product} {ergonomic}
   size_t SoftMaxHeapSize                          = 1073741824                             {manageable} {ergonomic}
     bool UseCompressedClassPointers               = true                           {product lp64_product} {ergonomic}
     bool UseCompressedOops                        = true                           {product lp64_product} {ergonomic}
     bool UseG1GC                                  = true                                      {product} {ergonomic}
     bool UseLargePagesIndividualAllocation        = false                                  {pd product} {ergonomic}

Logging:
Log output configuration:
 #0: stdout all=warning uptime,level,tags
 #1: stderr all=off uptime,level,tags

Environment Variables:
PATH=C:\Program Files\Common Files\Oracle\Java\javapath;C:\Program Files (x86)\Common Files\Oracle\Java\javapath;C:\Windows\system32;C:\Windows;C:\Windows\System32\Wbem;C:\Windows\System32\WindowsPowerShell\v1.0\;C:\Windows\System32\OpenSSH\;C:\Program Files\NVIDIA Corporation\NVIDIA NvDLISR;C:\Program Files (x86)\NVIDIA Corporation\PhysX\Common;C:\Program Files\dotnet\;C:\Users\rafa2\AppData\Local\Microsoft\WindowsApps;
USERNAME=rafa2
OS=Windows_NT
PROCESSOR_IDENTIFIER=AMD64 Family 23 Model 8 Stepping 2, AuthenticAMD



---------------  S Y S T E M  ---------------

OS:
 Windows 10 , 64 bit Build 22000 (10.0.22000.120)
OS uptime: 4 days 0:41 hours

CPU: total 16 (initial active 16) (16 cores per cpu, 2 threads per core) family 23 model 8 stepping 2 microcode 0x0, cx8, cmov, fxsr, ht, mmx, 3dnowpref, sse, sse2, sse3, ssse3, sse4a, sse4.1, sse4.2, popcnt, lzcnt, tsc, tscinvbit, avx, avx2, aes, clmul, bmi1, bmi2, adx, sha, fma, vzeroupper, clflush, clflushopt

Memory: 4k page, system-wide physical 16318M (3973M free)
TotalPageFile size 30625M (AvailPageFile size 968M)
current process WorkingSet (physical memory assigned to process): 10M, peak: 10M
current process commit charge ("private bytes"): 70M, peak: 1093M

vm_info: Java HotSpot(TM) 64-Bit Server VM (17.0.1+12-LTS-39) for windows-amd64 JRE (17.0.1+12-LTS-39), built on Sep 27 2021 18:41:35 by "mach5one" with MS VC++ 16.8 (VS2019)

END.
